0 info it worked if it ends with ok
1 verbose cli [ '/usr/local/bin/node',
1 verbose cli   '/Users/dandeng/.npm-packages/bin/npm',
1 verbose cli   'install',
1 verbose cli   'angular-route@X.Y.Z' ]
2 info using npm@3.9.2
3 info using node@v5.11.0
4 silly loadCurrentTree Starting
5 silly install loadCurrentTree
6 silly install readLocalPackageData
7 silly fetchPackageMetaData angular-route@X.Y.Z
8 silly fetchNamedPackageData angular-route
9 silly mapToRegistry name angular-route
10 silly mapToRegistry using default registry
11 silly mapToRegistry registry https://registry.npmjs.org/
12 silly mapToRegistry data Result {
12 silly mapToRegistry   raw: 'angular-route',
12 silly mapToRegistry   scope: null,
12 silly mapToRegistry   name: 'angular-route',
12 silly mapToRegistry   rawSpec: '',
12 silly mapToRegistry   spec: 'latest',
12 silly mapToRegistry   type: 'tag' }
13 silly mapToRegistry uri https://registry.npmjs.org/angular-route
14 verbose request uri https://registry.npmjs.org/angular-route
15 verbose request no auth needed
16 info attempt registry request try #1 at 4:05:38 PM
17 verbose request id a64f3eee17bc60bc
18 http request GET https://registry.npmjs.org/angular-route
19 http 200 https://registry.npmjs.org/angular-route
20 verbose headers { server: 'CouchDB/1.6.1 (Erlang OTP/R16B03)',
20 verbose headers   etag: '"F4DBHYGHKTFE1FWA5NEE5DF5V"',
20 verbose headers   'content-type': 'application/json',
20 verbose headers   'content-encoding': 'gzip',
20 verbose headers   'cache-control': 'max-age=300',
20 verbose headers   'content-length': '9935',
20 verbose headers   'accept-ranges': 'bytes',
20 verbose headers   date: 'Sun, 03 Jul 2016 08:05:32 GMT',
20 verbose headers   via: '1.1 varnish',
20 verbose headers   age: '0',
20 verbose headers   connection: 'keep-alive',
20 verbose headers   'x-served-by': 'cache-hkg6821-HKG',
20 verbose headers   'x-cache': 'MISS',
20 verbose headers   'x-cache-hits': '0',
20 verbose headers   'x-timer': 'S1467533131.146721,VS0,VE998',
20 verbose headers   vary: 'Accept-Encoding' }
21 silly get cb [ 200,
21 silly get   { server: 'CouchDB/1.6.1 (Erlang OTP/R16B03)',
21 silly get     etag: '"F4DBHYGHKTFE1FWA5NEE5DF5V"',
21 silly get     'content-type': 'application/json',
21 silly get     'content-encoding': 'gzip',
21 silly get     'cache-control': 'max-age=300',
21 silly get     'content-length': '9935',
21 silly get     'accept-ranges': 'bytes',
21 silly get     date: 'Sun, 03 Jul 2016 08:05:32 GMT',
21 silly get     via: '1.1 varnish',
21 silly get     age: '0',
21 silly get     connection: 'keep-alive',
21 silly get     'x-served-by': 'cache-hkg6821-HKG',
21 silly get     'x-cache': 'MISS',
21 silly get     'x-cache-hits': '0',
21 silly get     'x-timer': 'S1467533131.146721,VS0,VE998',
21 silly get     vary: 'Accept-Encoding' } ]
22 verbose get saving angular-route to /Users/dandeng/.npm/registry.npmjs.org/angular-route/.cache.json
23 verbose correctMkdir /Users/dandeng/.npm correctMkdir not in flight; initializing
24 silly fetchPackageMetaData Error: No compatible version found: angular-route@X.Y.Z
24 silly fetchPackageMetaData Valid install targets:
24 silly fetchPackageMetaData 1.5.7, 1.5.6, 1.5.5, 1.5.3, 1.5.2, 1.5.1, 1.5.0, 1.5.0-rc.2, 1.5.0-rc.1, 1.5.0-rc.0, 1.5.0-beta.2, 1.5.0-beta.0, 1.4.12, 1.4.11, 1.4.10, 1.4.9, 1.4.8, 1.4.7, 1.4.6, 1.4.5, 1.4.4, 1.4.3, 1.4.2, 1.4.1, 1.4.0, 1.4.0-rc.2, 1.4.0-rc.1, 1.4.0-rc.0, 1.4.0-beta.6, 1.4.0-beta.5, 1.4.0-beta.4, 1.4.0-beta.3, 1.4.0-beta.2, 1.4.0-beta.1, 1.4.0-beta.0, 1.3.20, 1.3.19, 1.3.18, 1.3.17, 1.3.16, 1.3.15, 1.3.14, 1.3.13, 1.3.12, 1.3.11, 1.3.10, 1.3.9, 1.3.8, 1.3.7, 1.3.6, 1.3.5, 1.3.4, 1.3.4-build.3588, 1.3.3, 1.3.2, 1.3.1, 1.3.0, 1.3.0-rc.5, 1.2.29, 1.2.28, 1.2.27, 1.2.17-build.163.1
24 silly fetchPackageMetaData
24 silly fetchPackageMetaData     at pickVersionFromRegistryDocument (/Users/dandeng/.npm-packages/lib/node_modules/npm/lib/fetch-package-metadata.js:170:16)
24 silly fetchPackageMetaData     at /Users/dandeng/.npm-packages/lib/node_modules/npm/node_modules/iferr/index.js:13:50
24 silly fetchPackageMetaData     at /Users/dandeng/.npm-packages/lib/node_modules/npm/lib/utils/pulse-till-done.js:19:8
24 silly fetchPackageMetaData     at saved (/Users/dandeng/.npm-packages/lib/node_modules/npm/lib/cache/caching-client.js:174:7)
24 silly fetchPackageMetaData     at /Users/dandeng/.npm-packages/lib/node_modules/npm/node_modules/graceful-fs/polyfills.js:210:7
24 silly fetchPackageMetaData     at FSReqWrap.oncomplete (fs.js:82:15)
24 silly fetchPackageMetaData  error for angular-route@X.Y.Z [Error: No compatible version found: angular-route@X.Y.Z
24 silly fetchPackageMetaData Valid install targets:
24 silly fetchPackageMetaData 1.5.7, 1.5.6, 1.5.5, 1.5.3, 1.5.2, 1.5.1, 1.5.0, 1.5.0-rc.2, 1.5.0-rc.1, 1.5.0-rc.0, 1.5.0-beta.2, 1.5.0-beta.0, 1.4.12, 1.4.11, 1.4.10, 1.4.9, 1.4.8, 1.4.7, 1.4.6, 1.4.5, 1.4.4, 1.4.3, 1.4.2, 1.4.1, 1.4.0, 1.4.0-rc.2, 1.4.0-rc.1, 1.4.0-rc.0, 1.4.0-beta.6, 1.4.0-beta.5, 1.4.0-beta.4, 1.4.0-beta.3, 1.4.0-beta.2, 1.4.0-beta.1, 1.4.0-beta.0, 1.3.20, 1.3.19, 1.3.18, 1.3.17, 1.3.16, 1.3.15, 1.3.14, 1.3.13, 1.3.12, 1.3.11, 1.3.10, 1.3.9, 1.3.8, 1.3.7, 1.3.6, 1.3.5, 1.3.4, 1.3.4-build.3588, 1.3.3, 1.3.2, 1.3.1, 1.3.0, 1.3.0-rc.5, 1.2.29, 1.2.28, 1.2.27, 1.2.17-build.163.1
24 silly fetchPackageMetaData ]
25 silly rollbackFailedOptional Starting
26 silly rollbackFailedOptional Finishing
27 silly runTopLevelLifecycles Starting
28 silly runTopLevelLifecycles Finishing
29 silly install printInstalled
30 verbose stack Error: No compatible version found: angular-route@X.Y.Z
30 verbose stack Valid install targets:
30 verbose stack 1.5.7, 1.5.6, 1.5.5, 1.5.3, 1.5.2, 1.5.1, 1.5.0, 1.5.0-rc.2, 1.5.0-rc.1, 1.5.0-rc.0, 1.5.0-beta.2, 1.5.0-beta.0, 1.4.12, 1.4.11, 1.4.10, 1.4.9, 1.4.8, 1.4.7, 1.4.6, 1.4.5, 1.4.4, 1.4.3, 1.4.2, 1.4.1, 1.4.0, 1.4.0-rc.2, 1.4.0-rc.1, 1.4.0-rc.0, 1.4.0-beta.6, 1.4.0-beta.5, 1.4.0-beta.4, 1.4.0-beta.3, 1.4.0-beta.2, 1.4.0-beta.1, 1.4.0-beta.0, 1.3.20, 1.3.19, 1.3.18, 1.3.17, 1.3.16, 1.3.15, 1.3.14, 1.3.13, 1.3.12, 1.3.11, 1.3.10, 1.3.9, 1.3.8, 1.3.7, 1.3.6, 1.3.5, 1.3.4, 1.3.4-build.3588, 1.3.3, 1.3.2, 1.3.1, 1.3.0, 1.3.0-rc.5, 1.2.29, 1.2.28, 1.2.27, 1.2.17-build.163.1
30 verbose stack
30 verbose stack     at pickVersionFromRegistryDocument (/Users/dandeng/.npm-packages/lib/node_modules/npm/lib/fetch-package-metadata.js:170:16)
30 verbose stack     at /Users/dandeng/.npm-packages/lib/node_modules/npm/node_modules/iferr/index.js:13:50
30 verbose stack     at /Users/dandeng/.npm-packages/lib/node_modules/npm/lib/utils/pulse-till-done.js:19:8
30 verbose stack     at saved (/Users/dandeng/.npm-packages/lib/node_modules/npm/lib/cache/caching-client.js:174:7)
30 verbose stack     at /Users/dandeng/.npm-packages/lib/node_modules/npm/node_modules/graceful-fs/polyfills.js:210:7
30 verbose stack     at FSReqWrap.oncomplete (fs.js:82:15)
31 verbose cwd /Users/dandeng/Documents/myApp
32 error Darwin 15.5.0
33 error argv "/usr/local/bin/node" "/Users/dandeng/.npm-packages/bin/npm" "install" "angular-route@X.Y.Z"
34 error node v5.11.0
35 error npm  v3.9.2
36 error No compatible version found: angular-route@X.Y.Z
36 error Valid install targets:
36 error 1.5.7, 1.5.6, 1.5.5, 1.5.3, 1.5.2, 1.5.1, 1.5.0, 1.5.0-rc.2, 1.5.0-rc.1, 1.5.0-rc.0, 1.5.0-beta.2, 1.5.0-beta.0, 1.4.12, 1.4.11, 1.4.10, 1.4.9, 1.4.8, 1.4.7, 1.4.6, 1.4.5, 1.4.4, 1.4.3, 1.4.2, 1.4.1, 1.4.0, 1.4.0-rc.2, 1.4.0-rc.1, 1.4.0-rc.0, 1.4.0-beta.6, 1.4.0-beta.5, 1.4.0-beta.4, 1.4.0-beta.3, 1.4.0-beta.2, 1.4.0-beta.1, 1.4.0-beta.0, 1.3.20, 1.3.19, 1.3.18, 1.3.17, 1.3.16, 1.3.15, 1.3.14, 1.3.13, 1.3.12, 1.3.11, 1.3.10, 1.3.9, 1.3.8, 1.3.7, 1.3.6, 1.3.5, 1.3.4, 1.3.4-build.3588, 1.3.3, 1.3.2, 1.3.1, 1.3.0, 1.3.0-rc.5, 1.2.29, 1.2.28, 1.2.27, 1.2.17-build.163.1
37 error If you need help, you may report this error at:
37 error     <https://github.com/npm/npm/issues>
38 verbose exit [ 1, true ]
